# JRE version: OpenJDK Runtime Environment (21.0.3) (build 21.0.3+-12282718-b509.11)
# Java VM: OpenJDK 64-Bit Server VM (21.0.3+-12282718-b509.11, mixed mode, tiered, compressed oops, compressed class ptrs, g1 gc, windows-amd64)
GC Precious Log:
 CardTable entry size: 512
 Card Set container configuration: InlinePtr #cards 5 size 8 Array Of Cards #cards 12 size 40 Howl #buckets 4 coarsen threshold 1843 Howl Bitmap #cards 512 size 80 coarsen threshold 460 Card regions per heap region 1 cards per card region 2048
 CPUs: 4 total, 4 available
 Memory: 10177M
 Large Page Support: Disabled
 NUMA Support: Disabled
 Compressed Oops: Enabled (32-bit)
 Heap Region Size: 1M
 Heap Min Capacity: 8M
 Heap Initial Capacity: 160M
 Heap Max Capacity: 2G
 Pre-touch: Disabled
 Parallel Workers: 4
 Concurrent Workers: 1
 Concurrent Refinement Workers: 4
 Periodic GC: Disabled
Heap:
 garbage-first heap   total 503808K, used 328925K [0x0000000080000000, 0x0000000100000000)
  region size 1024K, 65 young (66560K), 14 survivors (14336K)
 Metaspace       used 244660K, committed 247616K, reserved 1310720K
  class space    used 30702K, committed 32192K, reserved 1048576K
GC Heap History (20 events):
Event: 1554.511 GC heap before
{Heap before GC invocations=60 (full 0):
 garbage-first heap   total 460800K, used 270711K [0x0000000080000000, 0x0000000100000000)
  region size 1024K, 54 young (55296K), 22 survivors (22528K)
 Metaspace       used 219517K, committed 222336K, reserved 1245184K
  class space    used 27634K, committed 29056K, reserved 1048576K
}
Event: 1554.552 GC heap after
{Heap after GC invocations=61 (full 0):
 garbage-first heap   total 460800K, used 240924K [0x0000000080000000, 0x0000000100000000)
  region size 1024K, 3 young (3072K), 3 survivors (3072K)
 Metaspace       used 219517K, committed 222336K, reserved 1245184K
  class space    used 27634K, committed 29056K, reserved 1048576K
}
Event: 1558.364 GC heap before
{Heap before GC invocations=62 (full 0):
 garbage-first heap   total 460800K, used 423196K [0x0000000080000000, 0x0000000100000000)
  region size 1024K, 180 young (184320K), 3 survivors (3072K)
 Metaspace       used 226845K, committed 229760K, reserved 1310720K
  class space    used 28588K, committed 30016K, reserved 1048576K
}
Event: 1558.390 GC heap after
{Heap after GC invocations=63 (full 0):
 garbage-first heap   total 460800K, used 253707K [0x0000000080000000, 0x0000000100000000)
  region size 1024K, 14 young (14336K), 14 survivors (14336K)
 Metaspace       used 226845K, committed 229760K, reserved 1310720K
  class space    used 28588K, committed 30016K, reserved 1048576K
}
Event: 1561.743 GC heap before
{Heap before GC invocations=63 (full 0):
 garbage-first heap   total 460800K, used 422667K [0x0000000080000000, 0x0000000100000000)
  region size 1024K, 179 young (183296K), 14 survivors (14336K)
 Metaspace       used 226847K, committed 229760K, reserved 1310720K
  class space    used 28588K, committed 30016K, reserved 1048576K
}
Event: 1561.783 GC heap after
{Heap after GC invocations=64 (full 0):
 garbage-first heap   total 460800K, used 255441K [0x0000000080000000, 0x0000000100000000)
  region size 1024K, 19 young (19456K), 19 survivors (19456K)
 Metaspace       used 226847K, committed 229760K, reserved 1310720K
  class space    used 28588K, committed 30016K, reserved 1048576K
}
Event: 1564.280 GC heap before
{Heap before GC invocations=64 (full 0):
 garbage-first heap   total 460800K, used 417233K [0x0000000080000000, 0x0000000100000000)
  region size 1024K, 177 young (181248K), 19 survivors (19456K)
 Metaspace       used 226847K, committed 229760K, reserved 1310720K
  class space    used 28588K, committed 30016K, reserved 1048576K
}
Event: 1564.314 GC heap after
{Heap after GC invocations=65 (full 0):
 garbage-first heap   total 460800K, used 262656K [0x0000000080000000, 0x0000000100000000)
  region size 1024K, 16 young (16384K), 16 survivors (16384K)
 Metaspace       used 226847K, committed 229760K, reserved 1310720K
  class space    used 28588K, committed 30016K, reserved 1048576K
}
Event: 1566.806 GC heap before
{Heap before GC invocations=66 (full 0):
 garbage-first heap   total 500736K, used 418304K [0x0000000080000000, 0x0000000100000000)
  region size 1024K, 168 young (172032K), 16 survivors (16384K)
 Metaspace       used 226961K, committed 229824K, reserved 1310720K
  class space    used 28608K, committed 30016K, reserved 1048576K
}
Event: 1566.830 GC heap after
{Heap after GC invocations=67 (full 0):
 garbage-first heap   total 500736K, used 269068K [0x0000000080000000, 0x0000000100000000)
  region size 1024K, 15 young (15360K), 15 survivors (15360K)
 Metaspace       used 226961K, committed 229824K, reserved 1310720K
  class space    used 28608K, committed 30016K, reserved 1048576K
}
Event: 1570.795 GC heap before
{Heap before GC invocations=67 (full 0):
 garbage-first heap   total 500736K, used 470796K [0x0000000080000000, 0x0000000100000000)
  region size 1024K, 201 young (205824K), 15 survivors (15360K)
 Metaspace       used 239780K, committed 242688K, reserved 1310720K
  class space    used 30246K, committed 31680K, reserved 1048576K
}
Event: 1570.860 GC heap after
{Heap after GC invocations=68 (full 0):
 garbage-first heap   total 500736K, used 274944K [0x0000000080000000, 0x0000000100000000)
  region size 1024K, 15 young (15360K), 15 survivors (15360K)
 Metaspace       used 239780K, committed 242688K, reserved 1310720K
  class space    used 30246K, committed 31680K, reserved 1048576K
}
Event: 1572.303 GC heap before
{Heap before GC invocations=68 (full 0):
 garbage-first heap   total 500736K, used 459264K [0x0000000080000000, 0x0000000100000000)
  region size 1024K, 195 young (199680K), 15 survivors (15360K)
 Metaspace       used 239800K, committed 242688K, reserved 1310720K
  class space    used 30248K, committed 31680K, reserved 1048576K
}
Event: 1572.332 GC heap after
{Heap after GC invocations=69 (full 0):
 garbage-first heap   total 500736K, used 275968K [0x0000000080000000, 0x0000000100000000)
  region size 1024K, 9 young (9216K), 9 survivors (9216K)
 Metaspace       used 239800K, committed 242688K, reserved 1310720K
  class space    used 30248K, committed 31680K, reserved 1048576K
}
Event: 1592.380 GC heap before
{Heap before GC invocations=70 (full 0):
 garbage-first heap   total 503808K, used 463360K [0x0000000080000000, 0x0000000100000000)
  region size 1024K, 193 young (197632K), 9 survivors (9216K)
 Metaspace       used 244514K, committed 247424K, reserved 1310720K
  class space    used 30697K, committed 32128K, reserved 1048576K
}
Event: 1592.415 GC heap after
{Heap after GC invocations=71 (full 0):
 garbage-first heap   total 503808K, used 278528K [0x0000000080000000, 0x0000000100000000)
  region size 1024K, 14 young (14336K), 14 survivors (14336K)
 Metaspace       used 244514K, committed 247424K, reserved 1310720K
  class space    used 30697K, committed 32128K, reserved 1048576K
}
Event: 1601.208 GC heap before
{Heap before GC invocations=71 (full 0):
 garbage-first heap   total 503808K, used 461824K [0x0000000080000000, 0x0000000100000000)
  region size 1024K, 193 young (197632K), 14 survivors (14336K)
 Metaspace       used 244576K, committed 247552K, reserved 1310720K
  class space    used 30698K, committed 32192K, reserved 1048576K
}
Event: 1601.244 GC heap after
{Heap after GC invocations=72 (full 0):
 garbage-first heap   total 503808K, used 277725K [0x0000000080000000, 0x0000000100000000)
  region size 1024K, 13 young (13312K), 13 survivors (13312K)
 Metaspace       used 244576K, committed 247552K, reserved 1310720K
  class space    used 30698K, committed 32192K, reserved 1048576K
}
Event: 1605.384 GC heap before
{Heap before GC invocations=72 (full 0):
 garbage-first heap   total 503808K, used 462045K [0x0000000080000000, 0x0000000100000000)
  region size 1024K, 194 young (198656K), 13 survivors (13312K)
 Metaspace       used 244641K, committed 247552K, reserved 1310720K
  class space    used 30702K, committed 32192K, reserved 1048576K
}
Event: 1605.408 GC heap after
{Heap after GC invocations=73 (full 0):
 garbage-first heap   total 503808K, used 278749K [0x0000000080000000, 0x0000000100000000)
  region size 1024K, 14 young (14336K), 14 survivors (14336K)
 Metaspace       used 244641K, committed 247552K, reserved 1310720K
  class space    used 30702K, committed 32192K, reserved 1048576K
}

